2020-08-14 14:24:16.635 <0.8409.0> [notice] [PHm4QqJJ-t2-RB:0] <[s] API exit> END 217b948f.856614 (inflow out) "RefreshTenantCache" (5252.994 ms) 10.989 ms 
2020-08-14 14:24:19.967 <0.8598.0> [notice] [PHm4QqJJ-t2-86:0] <[s] API exit> END 217b948f.856614 (inflow out) "RefreshTenantCache" (3264.946 ms) 26.938 ms 
2020-08-14 14:24:23.336 <0.8788.0> [notice] [PHm4QqJJ-t2-Qd:0] <[s] API exit> END 217b948f.856614 (inflow out) "RefreshTenantCache" (3301.055 ms) 8.059 ms 
2020-08-14 14:24:25.313 <0.8979.0> [notice] [PHm4QqJJ-t2-qn:0] <[s] API exit> END 217b948f.856614 (inflow out) "RefreshTenantCache" (1901.374 ms) 31.129 ms 
2020-08-14 14:24:25.849 <0.9040.0> [notice] [PHm4QqJJ-t2:0-435] <[s] API exit> END 217b948f.856614 (inflow out) "RunSystemInit" (17717.729 ms) 64.225 ms 
2020-08-14 15:47:02.445 <0.29093.0> [notice] [r7nRpM4B-Tq-R9:0] <[s] API exit> END 217b948f.856614 (inflow out) "RefreshTenantCache" (1032.654 ms) 4.5 ms 
2020-08-14 15:47:03.576 <0.29285.0> [notice] [r7nRpM4B-Tq-hq:0] <[s] API exit> END 217b948f.856614 (inflow out) "RefreshTenantCache" (1089.98 ms) 17.908 ms 
2020-08-14 15:47:04.396 <0.29473.0> [notice] [r7nRpM4B-Tq-t6:0] <[s] API exit> END 217b948f.856614 (inflow out) "RefreshTenantCache" (801.364 ms) 5.956 ms 
2020-08-14 15:47:05.474 <0.29661.0> [notice] [r7nRpM4B-Tq-mT:0] <[s] API exit> END 217b948f.856614 (inflow out) "RefreshTenantCache" (1051.157 ms) 11.627 ms 
2020-08-14 15:47:05.743 <0.29722.0> [notice] [r7nRpM4B-Tq:0-743] <[s] API exit> END 217b948f.856614 (inflow out) "RunSystemInit" (6019.194 ms) 13.83 ms 
2020-08-14 15:47:44.429 <0.30616.0> [notice] [LQMpdhLH-3g-g7:0] <[s] API exit> END 217b948f.856614 (inflow out) "RefreshTenantCache" (1206.918 ms) 17.157 ms 
2020-08-14 15:47:44.620 <0.30631.0> [notice] [LQMpdhLH-3g:0] <[s] API exit> END 217b948f.856614 (inflow out) "LoadTenant" (15135.854 ms) 41.863 ms 
2020-08-14 18:12:58.523 <0.32358.1> [notice] [p69RmHdn-b8-g7-gp-Bd:0] <[s] API exit> END 217b948f.856614 (inflow out) "GetAccountContacts" (150.535 ms) 6.448 ms 
2020-08-14 18:12:58.722 <0.32384.1> [notice] [p69RmHdn-b8-g7-gp:0] <[s] API exit> END 217b948f.856614 (inflow out) "ContactManagement" (440.304 ms) 6.874 ms 
2020-08-14 18:12:58.819 <0.32399.1> [notice] [p69RmHdn-b8-g7:0] <[s] API exit> END 217b948f.856614 (inflow out) "AddContact" (592.186 ms) 36.759 ms 
2020-08-14 18:12:59.162 <0.32436.1> [notice] [p69RmHdn-b8-m8-4H:0] <[s] API exit> END 217b948f.856614 (inflow out) "AddressManagement" (209.681 ms) 8.534 ms 
2020-08-14 18:12:59.245 <0.32451.1> [notice] [p69RmHdn-b8-m8:0] <[s] API exit> END 217b948f.856614 (inflow out) "AddAddress" (368.529 ms) 6.373 ms 
2020-08-14 18:12:59.596 <0.32494.1> [notice] [p69RmHdn-b8-H4-LB-f3:0] <[s] API exit> END 217b948f.856614 (inflow out) "LookupAccount" (142.224 ms) 8.07 ms 
2020-08-14 18:12:59.811 <0.32545.1> [notice] [p69RmHdn-b8-H4-LB:0] <[s] API exit> END 217b948f.856614 (inflow out) "ContractManagement" (431.833 ms) 9.626 ms 
2020-08-14 18:12:59.898 <0.32560.1> [notice] [p69RmHdn-b8-H4:0] <[s] API exit> END 217b948f.856614 (inflow out) "AddContract" (596.267 ms) 7.887 ms 
2020-08-14 18:13:00.217 <0.32606.1> [notice] [p69RmHdn-b8-7j-4d:0:0] <[s] API exit> END 217b948f.856614 (inflow out) "AddBalances" (49.076 ms) 14.698 ms 
2020-08-14 18:13:00.462 <0.32645.1> [notice] [p69RmHdn-b8:0:0] <[s] API exit> END 217b948f.856614 (inflow out) "CreateAccount" (131.48 ms) 21.701 ms 
2020-08-14 18:13:01.573 <0.32738.1> [notice] [JhFmQ3hQ-g7-LM:0] <[s] API exit> END 217b948f.856614 (inflow out) "GetAccountProducts" (246.601 ms) 8.117 ms 
2020-08-14 18:13:01.800 <0.32767.1> [notice] [JhFmQ3hQ-g7-Ht:0] <[s] API exit> END 217b948f.856614 (inflow out) "GetAccountLC" (160.56 ms) 7.748 ms 
2020-08-14 18:13:01.993 <0.29.2> [notice] [JhFmQ3hQ-g7-3N:0] <[s] API exit> END 217b948f.856614 (inflow out) "GetAccountAddress" (121.287 ms) 6.872 ms 
2020-08-14 18:13:02.245 <0.65.2> [notice] [JhFmQ3hQ-g7-Dg-24:0] <[s] API exit> END 217b948f.856614 (inflow out) "CheckBalance" (128.436 ms) 6.553 ms 
2020-08-14 18:13:02.324 <0.80.2> [notice] [JhFmQ3hQ-g7-Dg:0] <[s] API exit> END 217b948f.856614 (inflow out) "GetAccountBalances" (254.155 ms) 18.773 ms 
2020-08-14 18:13:02.549 <0.109.2> [notice] [JhFmQ3hQ-g7-r3:0] <[s] API exit> END 217b948f.856614 (inflow out) "GetAccountContacts" (140.421 ms) 10.523 ms 
2020-08-14 18:13:02.731 <0.136.2> [notice] [JhFmQ3hQ-g7-NB:0] <[s] API exit> END 217b948f.856614 (inflow out) "GetAccountContracts" (118.904 ms) 6.87 ms 
2020-08-14 18:13:02.918 <0.169.2> [notice] [JhFmQ3hQ-g7-mD:0] <[s] API exit> END 217b948f.856614 (inflow out) "GetAccountBillingProfile" (131.713 ms) 6.598 ms 
2020-08-14 18:13:03.088 <0.196.2> [notice] [JhFmQ3hQ-g7-P7:0] <[s] API exit> END 217b948f.856614 (inflow out) "GetAccountBankInfo" (111.704 ms) 7.15 ms 
2020-08-14 18:13:03.334 <0.225.2> [notice] [JhFmQ3hQ-g7-fm:0] <[s] API exit> END 217b948f.856614 (inflow out) "GetAccountPayments" (183.011 ms) 9.033 ms 
2020-08-14 18:13:03.583 <0.257.2> [notice] [JhFmQ3hQ-g7-qr:0] <[s] API exit> END 217b948f.856614 (inflow out) "GetAccPmtProfiles" (128.801 ms) 6.911 ms 
2020-08-14 18:13:03.915 <0.294.2> [notice] [JhFmQ3hQ-g7:0] <[s] API exit> END 217b948f.856614 (inflow out) "GetAccountInfo" (2751.212 ms) 34.948 ms 
2020-08-14 18:13:15.958 <0.410.2> [notice] [rp7h8Fh2-nJ:0] <[s] API exit> END 217b948f.856614 (inflow out) "GetProductInfo" (158.941 ms) 12.937 ms 
2020-08-14 18:13:16.215 <0.441.2> [notice] [rp7h8Fh2-Qt-7j:0] <[s] API exit> END 217b948f.856614 (inflow out) "LookupAccount" (112.415 ms) 8.721 ms 
2020-08-14 18:13:16.404 <0.469.2> [notice] [rp7h8Fh2-Qt:0] <[s] API exit> END 217b948f.856614 (inflow out) "GetAccountProducts" (387.648 ms) 8.886 ms 
2020-08-14 18:14:12.767 <0.875.2> [notice] [nQq6JgNF-G9:0] <[s] API exit> END 217b948f.856614 (inflow out) "GetProductInfo" (136.595 ms) 35.682 ms 
2020-08-14 18:16:00.109 <0.1424.2> [notice] [Fg6qQ4Nt-9B-T6:0] <[s] API exit> END 217b948f.856614 (inflow out) "LookupAccount" (128.988 ms) 9.209 ms 
2020-08-14 18:16:00.320 <0.1451.2> [notice] [Fg6qQ4Nt-9B-9R:0] <[s] API exit> END 217b948f.856614 (inflow out) "GetProductInfo" (150.689 ms) 13.493 ms 
2020-08-14 18:16:00.650 <0.1484.2> [notice] [Fg6qQ4Nt-9B-jH-6b:0] <[s] API exit> END 217b948f.856614 (inflow out) "LookupAccount" (138.835 ms) 7.803 ms 
2020-08-14 18:16:00.906 <0.1524.2> [notice] [Fg6qQ4Nt-9B-jH-QF:0] <[s] API exit> END 217b948f.856614 (inflow out) "GetAccountProducts" (164.271 ms) 7.453 ms 
2020-08-14 18:16:01.126 <0.1557.2> [notice] [Fg6qQ4Nt-9B-jH-TM:0] <[s] API exit> END 217b948f.856614 (inflow out) "GetAccountContracts" (129.512 ms) 8.755 ms 
2020-08-14 18:16:01.494 <0.1600.2> [notice] [Fg6qQ4Nt-9B-jH:0] <[s] API exit> END 217b948f.856614 (inflow out) "GetAccountInfo" (1081.708 ms) 36.085 ms 
2020-08-14 18:16:02.156 <0.1660.2> [notice] [Fg6qQ4Nt-9B-DR:0] <[s] API exit> END 217b948f.856614 (inflow out) "GetAccountProducts" (260.634 ms) 26.171 ms 
2020-08-14 18:16:03.600 <0.1735.2> [notice] [Fg6qQ4Nt-9B:0-474] <[s] API exit> END 217b948f.856614 (inflow out) "AddProduct" (3355.285 ms) 327.642 ms 
2020-08-14 18:16:04.001 <0.1817.2> [notice] [bFjPr32T-6t-fd:0:0] <[s] API exit> END 217b948f.856614 (inflow out) "AddBalances" (154.774 ms) 11.109 ms 
2020-08-14 18:16:07.554 <0.1922.2> [notice] [R6Bn7nq3-nd-Gh:0] <[s] API exit> END 217b948f.856614 (inflow out) "GetAccountProducts" (238.58 ms) 24.257 ms 
2020-08-14 18:16:07.799 <0.1950.2> [notice] [R6Bn7nq3-nd-N6:0] <[s] API exit> END 217b948f.856614 (inflow out) "GetAccountLC" (150.176 ms) 6.651 ms 
2020-08-14 18:16:08.058 <0.1978.2> [notice] [R6Bn7nq3-nd-qM:0] <[s] API exit> END 217b948f.856614 (inflow out) "GetAccountAddress" (160.099 ms) 7.572 ms 
2020-08-14 18:16:08.330 <0.2013.2> [notice] [R6Bn7nq3-nd-38-h8:0] <[s] API exit> END 217b948f.856614 (inflow out) "CheckBalance" (134.015 ms) 8.007 ms 
2020-08-14 18:16:08.460 <0.2029.2> [notice] [R6Bn7nq3-nd-38:0] <[s] API exit> END 217b948f.856614 (inflow out) "GetAccountBalances" (320.087 ms) 28.003 ms 
2020-08-14 18:16:08.768 <0.2058.2> [notice] [R6Bn7nq3-nd-N8:0] <[s] API exit> END 217b948f.856614 (inflow out) "GetAccountContacts" (224.98 ms) 10.182 ms 
2020-08-14 18:16:09.012 <0.2088.2> [notice] [R6Bn7nq3-nd-2T:0] <[s] API exit> END 217b948f.856614 (inflow out) "GetAccountContracts" (166.47 ms) 7.93 ms 
2020-08-14 18:16:09.287 <0.2120.2> [notice] [R6Bn7nq3-nd-Jt:0] <[s] API exit> END 217b948f.856614 (inflow out) "GetAccountBillingProfile" (176.109 ms) 8.164 ms 
2020-08-14 18:16:09.497 <0.2148.2> [notice] [R6Bn7nq3-nd-P7:0] <[s] API exit> END 217b948f.856614 (inflow out) "GetAccountBankInfo" (135.389 ms) 7.882 ms 
2020-08-14 18:16:09.726 <0.2178.2> [notice] [R6Bn7nq3-nd-2D:0] <[s] API exit> END 217b948f.856614 (inflow out) "GetAccountPayments" (143.588 ms) 6.993 ms 
2020-08-14 18:16:09.936 <0.2209.2> [notice] [R6Bn7nq3-nd-Q8:0] <[s] API exit> END 217b948f.856614 (inflow out) "GetAccPmtProfiles" (108.914 ms) 6.983 ms 
2020-08-14 18:16:10.326 <0.2246.2> [notice] [R6Bn7nq3-nd:0] <[s] API exit> END 217b948f.856614 (inflow out) "GetAccountInfo" (3163.606 ms) 60.016 ms 
2020-08-14 18:19:24.303 <0.3119.2> [notice] [G6gJD76m:0-4n-QD:0] <[s] API exit> END 217b948f.856614 (inflow out) "LookupAccount" (85.026 ms) 6.547 ms 
2020-08-14 18:19:25.207 <0.3275.2> [notice] [G6gJD76m:0-4n:0] <[s] API exit> END 217b948f.856614 (inflow out) "ProcessEvent" (1094.516 ms) 21.26 ms 
2020-08-14 18:21:18.382 <0.3861.2> [notice] [DG73fqtQ:0-gB-4J:0] <[s] API exit> END 217b948f.856614 (inflow out) "LookupAccount" (84.39 ms) 7.058 ms 
2020-08-14 18:21:19.559 <0.4039.2> [notice] [DG73fqtQ:0-gB:0] <[s] API exit> END 217b948f.856614 (inflow out) "ProcessEvent" (1287.499 ms) 58.381 ms 
2020-08-14 18:25:50.724 <0.5395.2> [notice] [87RLhqdm:0-q2-2j:0] <[s] API exit> END 217b948f.856614 (inflow out) "LookupAccount" (77.136 ms) 8.966 ms 
2020-08-14 18:25:51.552 <0.5551.2> [notice] [87RLhqdm:0-q2:0] <[s] API exit> END 217b948f.856614 (inflow out) "ProcessEvent" (982.713 ms) 22.685 ms 
2020-08-14 18:27:24.884 <0.6052.2> [notice] [7jfNDQDt:0-6J-hj:0] <[s] API exit> END 217b948f.856614 (inflow out) "LookupAccount" (79.556 ms) 5.465 ms 
2020-08-14 18:27:25.582 <0.6209.2> [notice] [7jfNDQDt:0-6J:0] <[s] API exit> END 217b948f.856614 (inflow out) "ProcessEvent" (835.224 ms) 18.282 ms 
2020-08-14 18:28:40.797 <0.6654.2> [notice] [dp6PmnDh:0-pR-7p:0] <[s] API exit> END 217b948f.856614 (inflow out) "LookupAccount" (71.15 ms) 4.987 ms 
2020-08-14 18:28:41.692 <0.6819.2> [notice] [dp6PmnDh:0-pR:0] <[s] API exit> END 217b948f.856614 (inflow out) "ProcessEvent" (991.732 ms) 34.004 ms 
2020-08-14 18:39:44.332 <0.9623.2> [notice] [dgGdMNgq:0-mR-Pg:0] <[s] API exit> END 217b948f.856614 (inflow out) "LookupAccount" (81.498 ms) 7.516 ms 
2020-08-14 18:39:45.493 <0.9831.2> [notice] [dgGdMNgq:0-mR:0] <[s] API exit> END 217b948f.856614 (inflow out) "ProcessEvent" (1267.853 ms) 35.939 ms 
2020-08-14 18:55:02.540 <0.13794.2> [notice] [236tNg67:0-8H-R3:0] <[s] API exit> END 217b948f.856614 (inflow out) "LookupAccount" (78.556 ms) 7.199 ms 
2020-08-14 18:55:03.293 <0.13953.2> [notice] [236tNg67:0-8H:0] <[s] API exit> END 217b948f.856614 (inflow out) "ProcessEvent" (868.521 ms) 34.805 ms 
2020-08-14 19:00:36.857 <0.15413.2> [notice] [BbrjPr4j:0-8F-nJ:0] <[s] API exit> END 217b948f.856614 (inflow out) "LookupAccount" (77.29 ms) 8.185 ms 
2020-08-14 19:00:37.846 <0.15573.2> [notice] [BbrjPr4j:0-8F:0] <[s] API exit> END 217b948f.856614 (inflow out) "ProcessEvent" (1086.336 ms) 29.351 ms 
2020-08-14 19:14:03.376 <0.19233.2> [notice] [rgB6QM89:0-F6-gj:0] <[s] API exit> END 217b948f.856614 (inflow out) "LookupAccount" (80.024 ms) 6.65 ms 
2020-08-14 19:14:04.598 <0.19434.2> [notice] [rgB6QM89:0-F6:0] <[s] API exit> END 217b948f.856614 (inflow out) "ProcessEvent" (1324.778 ms) 44.477 ms 
2020-08-15 09:36:07.631 <0.6117.0> [notice] [m9HHGdbG-Hd-Lp:0] <[s] API exit> END 217b948f.856614 (inflow out) "RefreshTenantCache" (2491.535 ms) 2.999 ms 
2020-08-15 09:36:09.746 <0.6309.0> [notice] [m9HHGdbG-Hd-NN:0] <[s] API exit> END 217b948f.856614 (inflow out) "RefreshTenantCache" (2010.019 ms) 58.625 ms 
2020-08-15 09:36:11.018 <0.6499.0> [notice] [m9HHGdbG-Hd-mP:0] <[s] API exit> END 217b948f.856614 (inflow out) "RefreshTenantCache" (1213.34 ms) 12.557 ms 
2020-08-15 09:36:12.469 <0.6687.0> [notice] [m9HHGdbG-Hd-Nd:0] <[s] API exit> END 217b948f.856614 (inflow out) "RefreshTenantCache" (1384.61 ms) 18.24 ms 
2020-08-15 09:36:12.829 <0.6748.0> [notice] [m9HHGdbG-Hd:0-603] <[s] API exit> END 217b948f.856614 (inflow out) "RunSystemInit" (8899.907 ms) 6.996 ms 
2020-08-15 09:48:07.687 <0.10519.0> [notice] [3MHj9HH6:0-dD:0-160] <[s] API exit> END 217b948f.856614 (inflow out) "ApplyUpgrade" (1374.852 ms) 113.074 ms 
2020-08-15 09:48:09.350 <0.10677.0> [notice] [3MHj9HH6:0-dD:0-ng:0] <[s] API exit> END 217b948f.856614 (inflow out) "RefreshTenantCache" (1990.063 ms) 16.85 ms 
2020-08-24 19:30:48.498 <0.12139.0> [notice] [GgpTrMHB-hg-6g:0] <[s] API exit> END 217b948f.856614 (inflow out) "RefreshTenantCache" (2595.67 ms) 17.08 ms 
2020-08-24 19:30:49.666 <0.12327.0> [notice] [GgpTrMHB-hg-f2:0] <[s] API exit> END 217b948f.856614 (inflow out) "RefreshTenantCache" (1133.64 ms) 17.384 ms 
2020-08-24 19:30:50.615 <0.12515.0> [notice] [GgpTrMHB-hg-Rt:0] <[s] API exit> END 217b948f.856614 (inflow out) "RefreshTenantCache" (925.649 ms) 7.922 ms 
2020-08-24 19:30:51.595 <0.12703.0> [notice] [GgpTrMHB-hg-tB:0] <[s] API exit> END 217b948f.856614 (inflow out) "RefreshTenantCache" (957.625 ms) 7.427 ms 
2020-08-24 19:30:51.832 <0.12764.0> [notice] [GgpTrMHB-hg:0-662] <[s] API exit> END 217b948f.856614 (inflow out) "RunSystemInit" (7489.541 ms) 8.33 ms 
2020-08-24 19:53:40.339 <0.18886.0> [notice] [GbFjmLHR-nM-GT:0] <[s] API exit> END 217b948f.856614 (inflow out) "RefreshTenantCache" (1572.89 ms) 66.665 ms 
2020-08-24 19:53:40.601 <0.18901.0> [notice] [GbFjmLHR-nM:0] <[s] API exit> END 217b948f.856614 (inflow out) "LoadTenant" (12823.819 ms) 56.373 ms 
2020-08-24 19:58:13.824 <0.20510.0> [notice] [F9NHBRmR-6G-n8-j3-jp:0] <[s] API exit> END 217b948f.856614 (inflow out) "GetAccountContacts" (129.904 ms) 7.437 ms 
2020-08-24 19:58:14.055 <0.20534.0> [notice] [F9NHBRmR-6G-n8-j3:0] <[s] API exit> END 217b948f.856614 (inflow out) "ContactManagement" (461.399 ms) 9.381 ms 
2020-08-24 19:58:14.166 <0.20551.0> [notice] [F9NHBRmR-6G-n8:0] <[s] API exit> END 217b948f.856614 (inflow out) "AddContact" (668.013 ms) 20.38 ms 
2020-08-24 19:58:14.739 <0.20586.0> [notice] [F9NHBRmR-6G-7p-Lr:0] <[s] API exit> END 217b948f.856614 (inflow out) "AddressManagement" (327.136 ms) 10.012 ms 
2020-08-24 19:58:14.868 <0.20603.0> [notice] [F9NHBRmR-6G-7p:0] <[s] API exit> END 217b948f.856614 (inflow out) "AddAddress" (617.183 ms) 12.125 ms 
2020-08-24 19:58:15.393 <0.20640.0> [notice] [F9NHBRmR-6G-jP-MM-Jf:0] <[s] API exit> END 217b948f.856614 (inflow out) "LookupAccount" (149.499 ms) 7.322 ms 
2020-08-24 19:58:15.556 <0.20665.0> [notice] [F9NHBRmR-6G-jP-MM:0] <[s] API exit> END 217b948f.856614 (inflow out) "ContractManagement" (415.58 ms) 6.438 ms 
2020-08-24 19:58:15.653 <0.20681.0> [notice] [F9NHBRmR-6G-jP:0] <[s] API exit> END 217b948f.856614 (inflow out) "AddContract" (662.377 ms) 7.719 ms 
2020-08-24 19:58:16.081 <0.20729.0> [notice] [F9NHBRmR-6G-7J-8Q:0:0] <[s] API exit> END 217b948f.856614 (inflow out) "AddBalances" (78.061 ms) 9.421 ms 
2020-08-24 19:58:16.488 <0.20768.0> [notice] [F9NHBRmR-6G-p7-f7-Lh:0] <[s] API exit> END 217b948f.856614 (inflow out) "GetProductInfo" (154.831 ms) 7.476 ms 
2020-08-24 19:58:16.940 <0.20815.0> [notice] [F9NHBRmR-6G-p7-f7-jP-64:0] <[s] API exit> END 217b948f.856614 (inflow out) "GetAccountProducts" (202.814 ms) 6.059 ms 
2020-08-24 19:58:17.176 <0.20852.0> [notice] [F9NHBRmR-6G-p7-f7-jP-nm:0] <[s] API exit> END 217b948f.856614 (inflow out) "GetAccountContracts" (129.488 ms) 9.637 ms 
2020-08-24 19:58:17.368 <0.20902.0> [notice] [F9NHBRmR-6G-p7-f7-jP:0] <[s] API exit> END 217b948f.856614 (inflow out) "GetAccountInfo" (827.922 ms) 9.593 ms 
2020-08-24 19:58:17.901 <0.20965.0> [notice] [F9NHBRmR-6G-p7-f7-Gq:0] <[s] API exit> END 217b948f.856614 (inflow out) "GetAccountProducts" (169.614 ms) 24.12 ms 
2020-08-24 19:58:18.289 <0.21013.0> [notice] [F9NHBRmR-6G-p7-f7:0-918] <[s] API exit> END 217b948f.856614 (inflow out) "AddProduct" (2006.064 ms) 62.36 ms 
2020-08-24 19:58:18.984 <0.21098.0> [notice] [F9NHBRmR-6G:0:0] <[s] API exit> END 217b948f.856614 (inflow out) "CreateAccount" (286.108 ms) 104.47 ms 
2020-08-24 19:58:19.701 <0.21160.0> [notice] [mLpJ68Q9-M7-Th:0:0] <[s] API exit> END 217b948f.856614 (inflow out) "AddBalances" (425.575 ms) 30.313 ms 
2020-08-24 19:58:20.408 <0.21217.0> [notice] [BH87Dq8H-d9-Nj:0] <[s] API exit> END 217b948f.856614 (inflow out) "LookupAccount" (461.752 ms) 5.784 ms 
2020-08-24 19:58:21.099 <0.21269.0> [notice] [BH87Dq8H-d9-fB-RF:0] <[s] API exit> END 217b948f.856614 (inflow out) "LookupAccount" (274.207 ms) 7.548 ms 
2020-08-24 19:58:21.522 <0.21320.0> [notice] [BH87Dq8H-d9-fB-7P-7f:0] <[s] API exit> END 217b948f.856614 (inflow out) "LookupAccount" (230.523 ms) 24.821 ms 
2020-08-24 19:58:21.661 <0.21337.0> [notice] [66hjLLMD-7H-f4:0] <[s] API exit> END 217b948f.856614 (inflow out) "GetAccountProducts" (554.851 ms) 24.21 ms 
2020-08-24 19:58:21.859 <0.21360.0> [notice] [BH87Dq8H-d9-fB-7P:0] <[s] API exit> END 217b948f.856614 (inflow out) "GetAccountLC" (720.34 ms) 10.444 ms 
2020-08-24 19:58:22.115 <0.21396.0> [notice] [66hjLLMD-7H-3r:0] <[s] API exit> END 217b948f.856614 (inflow out) "GetAccountLC" (322.176 ms) 8.699 ms 
2020-08-24 19:58:22.228 <0.21417.0> [notice] [BH87Dq8H-d9-fB:0:0] <[s] API exit> END 217b948f.856614 (inflow out) "SetLC" (80.302 ms) 45.437 ms 
2020-08-24 19:58:22.718 <0.21486.0> [notice] [66hjLLMD-7H-jD:0] <[s] API exit> END 217b948f.856614 (inflow out) "GetAccountAddress" (468.254 ms) 8.805 ms 
2020-08-24 19:58:22.851 <0.21509.0> [notice] [BH87Dq8H-d9-h8-HP:0] <[s] API exit> END 217b948f.856614 (inflow out) "LookupAccount" (274.563 ms) 7.757 ms 
2020-08-24 19:58:23.232 <0.21560.0> [notice] [66hjLLMD-7H-T3-h6:0] <[s] API exit> END 217b948f.856614 (inflow out) "CheckBalance" (278.698 ms) 49.627 ms 
2020-08-24 19:58:23.249 <0.21571.0> [notice] [BH87Dq8H-d9-h8-hr-fg:0] <[s] API exit> END 217b948f.856614 (inflow out) "LookupAccount" (178.636 ms) 10.015 ms 
2020-08-24 19:58:23.421 <0.21594.0> [notice] [66hjLLMD-7H-T3:0] <[s] API exit> END 217b948f.856614 (inflow out) "GetAccountBalances" (606.113 ms) 10.097 ms 
2020-08-24 19:58:23.543 <0.21613.0> [notice] [BH87Dq8H-d9-h8-hr:0] <[s] API exit> END 217b948f.856614 (inflow out) "GetAccountLC" (622.481 ms) 9.386 ms 
2020-08-24 19:58:23.823 <0.21665.0> [notice] [66hjLLMD-7H-B4:0] <[s] API exit> END 217b948f.856614 (inflow out) "GetAccountContacts" (276.028 ms) 16.472 ms 
2020-08-24 19:58:23.827 <0.21664.0> [notice] [BH87Dq8H-d9-h8:0:0] <[s] API exit> END 217b948f.856614 (inflow out) "SetLC" (99.704 ms) 21.78 ms 
2020-08-24 19:58:24.444 <0.21747.0> [notice] [66hjLLMD-7H-LQ:0] <[s] API exit> END 217b948f.856614 (inflow out) "GetAccountContracts" (328.449 ms) 8.408 ms 
2020-08-24 19:58:24.476 <0.21752.0> [notice] [BH87Dq8H-d9-hD-9D:0] <[s] API exit> END 217b948f.856614 (inflow out) "LookupAccount" (151.277 ms) 30.981 ms 
2020-08-24 19:58:24.714 <0.21788.0> [notice] [BH87Dq8H-d9-hD:0] <[s] API exit> END 217b948f.856614 (inflow out) "GetAccountLC" (744.846 ms) 9.924 ms 
2020-08-24 19:58:24.831 <0.21809.0> [notice] [BH87Dq8H-d9:0] <[s] API exit> END 217b948f.856614 (inflow out) "ApplyLCTemplate" (5533.136 ms) 31.989 ms 
2020-08-24 19:58:25.072 <0.21840.0> [notice] [66hjLLMD-7H-97:0] <[s] API exit> END 217b948f.856614 (inflow out) "GetAccountBillingProfile" (476.18 ms) 13.561 ms 
2020-08-24 19:58:25.488 <0.21887.0> [notice] [66hjLLMD-7H-T7:0] <[s] API exit> END 217b948f.856614 (inflow out) "GetAccountBankInfo" (227.313 ms) 7.119 ms 
2020-08-24 19:58:25.712 <0.21915.0> [notice] [66hjLLMD-7H-Nt:0] <[s] API exit> END 217b948f.856614 (inflow out) "GetAccountPayments" (130.087 ms) 7.078 ms 
2020-08-24 19:58:26.012 <0.21946.0> [notice] [66hjLLMD-7H-TL:0] <[s] API exit> END 217b948f.856614 (inflow out) "GetAccPmtProfiles" (174.061 ms) 10.779 ms 
2020-08-24 19:58:26.208 <0.21964.0> [notice] [66hjLLMD-7H:0] <[s] API exit> END 217b948f.856614 (inflow out) "GetAccountInfo" (5565.141 ms) 31.599 ms 
2020-08-24 19:59:19.803 <0.22425.0> [notice] [nhPh7HHN-n3-B3-2J-gN:0] <[s] API exit> END 217b948f.856614 (inflow out) "GetAccountContacts" (150.803 ms) 9.546 ms 
2020-08-24 19:59:20.001 <0.22449.0> [notice] [nhPh7HHN-n3-B3-2J:0] <[s] API exit> END 217b948f.856614 (inflow out) "ContactManagement" (423.445 ms) 9.246 ms 
2020-08-24 19:59:20.078 <0.22465.0> [notice] [nhPh7HHN-n3-B3:0] <[s] API exit> END 217b948f.856614 (inflow out) "AddContact" (573.65 ms) 5.763 ms 
2020-08-24 19:59:20.358 <0.22501.0> [notice] [nhPh7HHN-n3-nf-dm:0] <[s] API exit> END 217b948f.856614 (inflow out) "AddressManagement" (161.499 ms) 6.801 ms 
2020-08-24 19:59:20.440 <0.22517.0> [notice] [nhPh7HHN-n3-nf:0] <[s] API exit> END 217b948f.856614 (inflow out) "AddAddress" (298.642 ms) 19.452 ms 
2020-08-24 19:59:20.804 <0.22554.0> [notice] [nhPh7HHN-n3-t2-dR-pG:0] <[s] API exit> END 217b948f.856614 (inflow out) "LookupAccount" (130.979 ms) 9.939 ms 
2020-08-24 19:59:20.977 <0.22579.0> [notice] [nhPh7HHN-n3-t2-dR:0] <[s] API exit> END 217b948f.856614 (inflow out) "ContractManagement" (393.339 ms) 6.703 ms 
2020-08-24 19:59:21.063 <0.22595.0> [notice] [nhPh7HHN-n3-t2:0] <[s] API exit> END 217b948f.856614 (inflow out) "AddContract" (555.193 ms) 6.268 ms 
2020-08-24 19:59:21.350 <0.22641.0> [notice] [nhPh7HHN-n3-tL-jN:0:0] <[s] API exit> END 217b948f.856614 (inflow out) "AddBalances" (63.39 ms) 8.013 ms 
2020-08-24 19:59:21.674 <0.22681.0> [notice] [nhPh7HHN-n3-hM-Jm-Lb:0] <[s] API exit> END 217b948f.856614 (inflow out) "GetProductInfo" (129.74 ms) 6.826 ms 
2020-08-24 19:59:22.054 <0.22728.0> [notice] [nhPh7HHN-n3-hM-Jm-38-pG:0] <[s] API exit> END 217b948f.856614 (inflow out) "GetAccountProducts" (177.82 ms) 16.755 ms 
2020-08-24 19:59:22.299 <0.22760.0> [notice] [nhPh7HHN-n3-hM-Jm-38-LM:0] <[s] API exit> END 217b948f.856614 (inflow out) "GetAccountContracts" (146.756 ms) 5.788 ms 
2020-08-24 19:59:22.422 <0.22785.0> [notice] [nhPh7HHN-n3-hM-Jm-38:0] <[s] API exit> END 217b948f.856614 (inflow out) "GetAccountInfo" (705.569 ms) 7.332 ms 
2020-08-24 19:59:22.950 <0.22847.0> [notice] [nhPh7HHN-n3-hM-Jm-LB:0] <[s] API exit> END 217b948f.856614 (inflow out) "GetAccountProducts" (241.643 ms) 10.335 ms 
2020-08-24 19:59:23.222 <0.22881.0> [notice] [nhPh7HHN-n3-hM-Jm:0-653] <[s] API exit> END 217b948f.856614 (inflow out) "AddProduct" (1735.205 ms) 32.288 ms 
2020-08-24 19:59:23.717 <0.22961.0> [notice] [nhPh7HHN-n3:0:0] <[s] API exit> END 217b948f.856614 (inflow out) "CreateAccount" (294.589 ms) 22.421 ms 
2020-08-24 19:59:24.395 <0.23053.0> [notice] [7f8jTmN2-JJ-dt:0:0] <[s] API exit> END 217b948f.856614 (inflow out) "AddBalances" (149.031 ms) 27.176 ms 
2020-08-24 19:59:24.830 <0.23095.0> [notice] [3HNFrH62-dt-6q:0] <[s] API exit> END 217b948f.856614 (inflow out) "LookupAccount" (573.728 ms) 15.072 ms 
2020-08-24 19:59:25.294 <0.23154.0> [notice] [3HNFrH62-dt-DN-tN:0] <[s] API exit> END 217b948f.856614 (inflow out) "LookupAccount" (171.62 ms) 9.839 ms 
2020-08-24 19:59:25.582 <0.23196.0> [notice] [rqBFJBR8-pM-8H:0] <[s] API exit> END 217b948f.856614 (inflow out) "GetAccountProducts" (374.502 ms) 14.66 ms 
2020-08-24 19:59:25.752 <0.23221.0> [notice] [3HNFrH62-dt-DN-8b-f6:0] <[s] API exit> END 217b948f.856614 (inflow out) "LookupAccount" (280.311 ms) 8.128 ms 
2020-08-24 19:59:25.931 <0.23251.0> [notice] [rqBFJBR8-pM-Mb:0] <[s] API exit> END 217b948f.856614 (inflow out) "GetAccountLC" (237.941 ms) 10.256 ms 
2020-08-24 19:59:25.968 <0.23256.0> [notice] [3HNFrH62-dt-DN-8b:0] <[s] API exit> END 217b948f.856614 (inflow out) "GetAccountLC" (570.212 ms) 34.086 ms 
2020-08-24 19:59:26.286 <0.23310.0> [notice] [3HNFrH62-dt-DN:0:0] <[s] API exit> END 217b948f.856614 (inflow out) "SetLC" (68.54 ms) 28.921 ms 
2020-08-24 19:59:26.440 <0.23335.0> [notice] [rqBFJBR8-pM-Ht:0] <[s] API exit> END 217b948f.856614 (inflow out) "GetAccountAddress" (307.725 ms) 63.59 ms 
2020-08-24 19:59:26.852 <0.23407.0> [notice] [3HNFrH62-dt-qq-TJ:0] <[s] API exit> END 217b948f.856614 (inflow out) "LookupAccount" (151.651 ms) 8.427 ms 
2020-08-24 19:59:26.878 <0.23411.0> [notice] [rqBFJBR8-pM-mN-f9:0] <[s] API exit> END 217b948f.856614 (inflow out) "CheckBalance" (164.23 ms) 17.561 ms 
2020-08-24 19:59:27.065 <0.23440.0> [notice] [rqBFJBR8-pM-mN:0] <[s] API exit> END 217b948f.856614 (inflow out) "GetAccountBalances" (421.574 ms) 14.194 ms 
2020-08-24 19:59:27.296 <0.23479.0> [notice] [3HNFrH62-dt-qq-r6-2f:0] <[s] API exit> END 217b948f.856614 (inflow out) "LookupAccount" (161.973 ms) 7.2 ms 
2020-08-24 19:59:27.405 <0.23498.0> [notice] [rqBFJBR8-pM-LR:0] <[s] API exit> END 217b948f.856614 (inflow out) "GetAccountContacts" (213.127 ms) 20.42 ms 
2020-08-24 19:59:27.568 <0.23527.0> [notice] [3HNFrH62-dt-qq-r6:0] <[s] API exit> END 217b948f.856614 (inflow out) "GetAccountLC" (592.762 ms) 14.082 ms 
2020-08-24 19:59:27.957 <0.23608.0> [notice] [rqBFJBR8-pM-b4:0] <[s] API exit> END 217b948f.856614 (inflow out) "GetAccountContracts" (414.928 ms) 26.502 ms 
2020-08-24 19:59:28.045 <0.23616.0> [notice] [3HNFrH62-dt-qq:0:0] <[s] API exit> END 217b948f.856614 (inflow out) "SetLC" (148.549 ms) 57.734 ms 
2020-08-24 19:59:28.505 <0.23702.0> [notice] [rqBFJBR8-pM-6G:0] <[s] API exit> END 217b948f.856614 (inflow out) "GetAccountBillingProfile" (383.695 ms) 8.237 ms 
2020-08-24 19:59:28.574 <0.23717.0> [notice] [3HNFrH62-dt-fP-H9:0] <[s] API exit> END 217b948f.856614 (inflow out) "LookupAccount" (195.96 ms) 19.682 ms 
2020-08-24 19:59:28.740 <0.23745.0> [notice] [3HNFrH62-dt-fP:0] <[s] API exit> END 217b948f.856614 (inflow out) "GetAccountLC" (600.417 ms) 9.408 ms 
2020-08-24 19:59:28.893 <0.23770.0> [notice] [3HNFrH62-dt:0] <[s] API exit> END 217b948f.856614 (inflow out) "ApplyLCTemplate" (4972.963 ms) 44.109 ms 
2020-08-24 19:59:28.929 <0.23774.0> [notice] [rqBFJBR8-pM-T2:0] <[s] API exit> END 217b948f.856614 (inflow out) "GetAccountBankInfo" (284.269 ms) 36.979 ms 
2020-08-24 19:59:29.319 <0.23839.0> [notice] [rqBFJBR8-pM-RQ:0] <[s] API exit> END 217b948f.856614 (inflow out) "GetAccountPayments" (228.955 ms) 6.476 ms 
2020-08-24 19:59:29.543 <0.23873.0> [notice] [rqBFJBR8-pM-bm:0] <[s] API exit> END 217b948f.856614 (inflow out) "GetAccPmtProfiles" (121.129 ms) 11.963 ms 
2020-08-24 19:59:29.698 <0.23890.0> [notice] [rqBFJBR8-pM:0] <[s] API exit> END 217b948f.856614 (inflow out) "GetAccountInfo" (4741.807 ms) 15.054 ms 
2020-08-24 20:04:51.931 <0.25401.0> [notice] [Q7t24hfG-N2-6d:0] <[s] API exit> END 217b948f.856614 (inflow out) "GetAccountProducts" (254.886 ms) 9.762 ms 
2020-08-24 20:04:52.174 <0.25429.0> [notice] [Q7t24hfG-N2-4D:0] <[s] API exit> END 217b948f.856614 (inflow out) "GetAccountLC" (153.392 ms) 7.375 ms 
2020-08-24 20:04:52.389 <0.25457.0> [notice] [Q7t24hfG-N2-tp:0] <[s] API exit> END 217b948f.856614 (inflow out) "GetAccountAddress" (133.174 ms) 8.967 ms 
2020-08-24 20:04:52.674 <0.25493.0> [notice] [Q7t24hfG-N2-p2-GT:0] <[s] API exit> END 217b948f.856614 (inflow out) "CheckBalance" (145.748 ms) 8.823 ms 
2020-08-24 20:04:52.758 <0.25508.0> [notice] [Q7t24hfG-N2-p2:0] <[s] API exit> END 217b948f.856614 (inflow out) "GetAccountBalances" (262.204 ms) 22.951 ms 
2020-08-24 20:04:52.984 <0.25536.0> [notice] [Q7t24hfG-N2-3N:0] <[s] API exit> END 217b948f.856614 (inflow out) "GetAccountContacts" (146.107 ms) 6.618 ms 
2020-08-24 20:04:53.208 <0.25564.0> [notice] [Q7t24hfG-N2-t8:0] <[s] API exit> END 217b948f.856614 (inflow out) "GetAccountContracts" (133.918 ms) 8.187 ms 
2020-08-24 20:04:53.455 <0.25597.0> [notice] [Q7t24hfG-N2-3T:0] <[s] API exit> END 217b948f.856614 (inflow out) "GetAccountBillingProfile" (160.09 ms) 6.302 ms 
2020-08-24 20:04:53.645 <0.25626.0> [notice] [Q7t24hfG-N2-FG:0] <[s] API exit> END 217b948f.856614 (inflow out) "GetAccountBankInfo" (114.917 ms) 18.083 ms 
2020-08-24 20:04:53.863 <0.25654.0> [notice] [Q7t24hfG-N2-Lj:0] <[s] API exit> END 217b948f.856614 (inflow out) "GetAccountPayments" (135.805 ms) 8.195 ms 
2020-08-24 20:04:54.145 <0.25685.0> [notice] [Q7t24hfG-N2-R2:0] <[s] API exit> END 217b948f.856614 (inflow out) "GetAccPmtProfiles" (142.438 ms) 12.707 ms 
2020-08-24 20:04:54.293 <0.25703.0> [notice] [Q7t24hfG-N2:0] <[s] API exit> END 217b948f.856614 (inflow out) "GetAccountInfo" (2792.545 ms) 15.307 ms 
2020-08-24 20:05:14.466 <0.26006.0> [notice] [jnLNQL7R:0-jG-6q-Fr:0] <[s] API exit> END 217b948f.856614 (inflow out) "LookupAccount" (510.175 ms) 13.878 ms 
2020-08-24 20:05:14.715 <0.26032.0> [notice] [jnLNQL7R:0-jG-6q:0] <[s] API exit> END 217b948f.856614 (inflow out) "CheckBalance" (1247.548 ms) 16.516 ms 
2020-08-24 20:05:14.849 <0.26051.0> [notice] [jnLNQL7R:0-jG:0] <[s] API exit> END 217b948f.856614 (inflow out) "CheckBalanceActual" (1553.412 ms) 17.794 ms 
2020-08-24 20:05:16.180 <0.26146.0> [notice] [m7H3JgBj-hd-pq:0] <[s] API exit> END 217b948f.856614 (inflow out) "GetAccountProducts" (285.098 ms) 15.327 ms 
2020-08-24 20:05:16.390 <0.26174.0> [notice] [m7H3JgBj-hd-Np:0] <[s] API exit> END 217b948f.856614 (inflow out) "GetAccountLC" (134.977 ms) 7.448 ms 
2020-08-24 20:05:16.662 <0.26202.0> [notice] [m7H3JgBj-hd-rq:0] <[s] API exit> END 217b948f.856614 (inflow out) "GetAccountAddress" (178.87 ms) 7.756 ms 
2020-08-24 20:05:16.944 <0.26237.0> [notice] [m7H3JgBj-hd-Pb-3R:0] <[s] API exit> END 217b948f.856614 (inflow out) "CheckBalance" (141.378 ms) 20.87 ms 
2020-08-24 20:05:17.040 <0.26253.0> [notice] [m7H3JgBj-hd-Pb:0] <[s] API exit> END 217b948f.856614 (inflow out) "GetAccountBalances" (292.086 ms) 18.616 ms 
2020-08-24 20:05:17.274 <0.26294.0> [notice] [m7H3JgBj-hd-JQ:0] <[s] API exit> END 217b948f.856614 (inflow out) "GetAccountContacts" (152.238 ms) 7.575 ms 
2020-08-24 20:05:17.506 <0.26340.0> [notice] [m7H3JgBj-hd-HT:0] <[s] API exit> END 217b948f.856614 (inflow out) "GetAccountContracts" (140.651 ms) 8.352 ms 
2020-08-24 20:05:17.773 <0.26372.0> [notice] [m7H3JgBj-hd-6q:0] <[s] API exit> END 217b948f.856614 (inflow out) "GetAccountBillingProfile" (147.861 ms) 6.526 ms 
2020-08-24 20:05:17.971 <0.26400.0> [notice] [m7H3JgBj-hd-FR:0] <[s] API exit> END 217b948f.856614 (inflow out) "GetAccountBankInfo" (130.158 ms) 7.637 ms 
2020-08-24 20:05:18.205 <0.26428.0> [notice] [m7H3JgBj-hd-hN:0] <[s] API exit> END 217b948f.856614 (inflow out) "GetAccountPayments" (146.673 ms) 8.685 ms 
2020-08-24 20:05:18.475 <0.26460.0> [notice] [m7H3JgBj-hd-rn:0] <[s] API exit> END 217b948f.856614 (inflow out) "GetAccPmtProfiles" (151.619 ms) 7.529 ms 
2020-08-24 20:05:18.599 <0.26479.0> [notice] [m7H3JgBj-hd:0] <[s] API exit> END 217b948f.856614 (inflow out) "GetAccountInfo" (2868.545 ms) 14.693 ms 
2020-08-24 20:06:19.672 <0.26776.0> [notice] [FN37g79b-bg:0] <[s] API exit> END 217b948f.856614 (inflow out) "GetProductInfo" (184.891 ms) 48.092 ms 
2020-08-24 20:06:19.931 <0.26809.0> [notice] [FN37g79b-HT-jP:0] <[s] API exit> END 217b948f.856614 (inflow out) "LookupAccount" (131.847 ms) 11.065 ms 
2020-08-24 20:06:20.149 <0.26837.0> [notice] [FN37g79b-HT:0] <[s] API exit> END 217b948f.856614 (inflow out) "GetAccountProducts" (429.822 ms) 11.458 ms 
2020-08-24 20:06:32.733 <0.27037.0> [notice] [jHRhjF3b-48:0] <[s] API exit> END 217b948f.856614 (inflow out) "GetProductInfo" (148.907 ms) 9.598 ms 
2020-08-24 20:07:51.891 <0.27500.0> [notice] [RbT9788Q-jj-L8:0] <[s] API exit> END 217b948f.856614 (inflow out) "LookupAccount" (132.943 ms) 9.365 ms 
2020-08-24 20:07:52.097 <0.27527.0> [notice] [RbT9788Q-jj-Q9:0] <[s] API exit> END 217b948f.856614 (inflow out) "GetProductInfo" (145.618 ms) 11.894 ms 
2020-08-24 20:07:52.432 <0.27560.0> [notice] [RbT9788Q-jj-tr-fB:0] <[s] API exit> END 217b948f.856614 (inflow out) "LookupAccount" (137.129 ms) 7.253 ms 
2020-08-24 20:07:52.788 <0.27600.0> [notice] [RbT9788Q-jj-tr-42:0] <[s] API exit> END 217b948f.856614 (inflow out) "GetAccountProducts" (218.532 ms) 9.853 ms 
2020-08-24 20:07:53.087 <0.27632.0> [notice] [RbT9788Q-jj-tr-bT:0] <[s] API exit> END 217b948f.856614 (inflow out) "GetAccountContracts" (174.469 ms) 9.731 ms 
2020-08-24 20:07:53.285 <0.27658.0> [notice] [RbT9788Q-jj-tr:0] <[s] API exit> END 217b948f.856614 (inflow out) "GetAccountInfo" (1124.107 ms) 10.729 ms 
2020-08-24 20:07:54.088 <0.27721.0> [notice] [RbT9788Q-jj-bQ-Nn-7r-6m:0] <[s] API exit> END 217b948f.856614 (inflow out) "LookupAccount" (124.217 ms) 6.547 ms 
2020-08-24 20:07:54.278 <0.27749.0> [notice] [RbT9788Q-jj-bQ-Nn-7r:0] <[s] API exit> END 217b948f.856614 (inflow out) "GetAccountProducts" (435.631 ms) 8.85 ms 
2020-08-24 20:07:55.098 <0.27791.0> [notice] [RbT9788Q-jj-bQ-Nn:0-344] <[s] API exit> END 217b948f.856614 (inflow out) "UpdateSoldProductLC" (1340.409 ms) 66.205 ms 
2020-08-24 20:07:55.257 <0.27813.0> [notice] [RbT9788Q-jj-bQ:0] <[s] API exit> END 217b948f.856614 (inflow out) "TerminateProduct" (1622.774 ms) 15.928 ms 
2020-08-24 20:07:55.827 <0.27874.0> [notice] [RbT9788Q-jj-pQ:0] <[s] API exit> END 217b948f.856614 (inflow out) "GetAccountProducts" (208.316 ms) 10.169 ms 
2020-08-24 20:07:57.060 <0.27941.0> [notice] [RbT9788Q-jj:0-288] <[s] API exit> END 217b948f.856614 (inflow out) "AddProduct" (5279.837 ms) 90.421 ms 
2020-08-24 20:07:58.070 <0.28042.0> [notice] [pD2f22pD-tt-fj:0:0] <[s] API exit> END 217b948f.856614 (inflow out) "AddBalances" (304.551 ms) 50.386 ms 
2020-08-24 20:07:58.124 <0.28053.0> [notice] [RPGNPnMq-Jh-68:0] <[s] API exit> END 217b948f.856614 (inflow out) "LookupAccount" (589.259 ms) 15.888 ms 
2020-08-24 20:07:58.795 <0.28135.0> [notice] [RPGNPnMq-Jh-tg-DJ:0] <[s] API exit> END 217b948f.856614 (inflow out) "LookupAccount" (255.453 ms) 9.013 ms 
2020-08-24 20:07:59.477 <0.28187.0> [notice] [RPGNPnMq-Jh-tg-nn-R2:0] <[s] API exit> END 217b948f.856614 (inflow out) "LookupAccount" (308.008 ms) 45.305 ms 
2020-08-24 20:07:59.754 <0.28226.0> [notice] [RPGNPnMq-Jh-tg-nn:0] <[s] API exit> END 217b948f.856614 (inflow out) "GetAccountLC" (851.135 ms) 58.556 ms 
2020-08-24 20:08:00.595 <0.28357.0> [notice] [RPGNPnMq-Jh-tg:0:0] <[s] API exit> END 217b948f.856614 (inflow out) "SetLC" (141.988 ms) 50.099 ms 
2020-08-24 20:08:01.450 <0.28492.0> [notice] [RPGNPnMq-Jh-MQ-GM:0] <[s] API exit> END 217b948f.856614 (inflow out) "LookupAccount" (400.738 ms) 11.47 ms 
2020-08-24 20:08:01.740 <0.28526.0> [notice] [RPGNPnMq-Jh-MQ:0] <[s] API exit> END 217b948f.856614 (inflow out) "GetAccountLC" (996.738 ms) 12.285 ms 
2020-08-24 20:08:01.843 <0.28541.0> [notice] [RPGNPnMq-Jh:0] <[s] API exit> END 217b948f.856614 (inflow out) "ApplyLCTemplate" (4957.284 ms) 26.883 ms 
2020-08-24 20:08:15.553 <0.28904.0> [notice] [P8T6GnBF-2r-fd:0] <[s] API exit> END 217b948f.856614 (inflow out) "GetAccountProducts" (196.446 ms) 15.185 ms 
2020-08-24 20:08:15.804 <0.28932.0> [notice] [P8T6GnBF-2r-n2:0] <[s] API exit> END 217b948f.856614 (inflow out) "GetAccountLC" (160.307 ms) 6.53 ms 
2020-08-24 20:08:16.025 <0.28961.0> [notice] [P8T6GnBF-2r-22:0] <[s] API exit> END 217b948f.856614 (inflow out) "GetAccountAddress" (150.48 ms) 6.29 ms 
2020-08-24 20:08:16.269 <0.28996.0> [notice] [P8T6GnBF-2r-tr-dJ:0] <[s] API exit> END 217b948f.856614 (inflow out) "CheckBalance" (116.652 ms) 6.308 ms 
2020-08-24 20:08:16.354 <0.29012.0> [notice] [P8T6GnBF-2r-tr:0] <[s] API exit> END 217b948f.856614 (inflow out) "GetAccountBalances" (232.314 ms) 23.432 ms 
2020-08-24 20:08:16.586 <0.29040.0> [notice] [P8T6GnBF-2r-bP:0] <[s] API exit> END 217b948f.856614 (inflow out) "GetAccountContacts" (149.449 ms) 7.158 ms 
2020-08-24 20:08:16.782 <0.29068.0> [notice] [P8T6GnBF-2r-BG:0] <[s] API exit> END 217b948f.856614 (inflow out) "GetAccountContracts" (117.022 ms) 10.1 ms 
2020-08-24 20:08:17.049 <0.29100.0> [notice] [P8T6GnBF-2r-rq:0] <[s] API exit> END 217b948f.856614 (inflow out) "GetAccountBillingProfile" (179.819 ms) 7.55 ms 
2020-08-24 20:08:17.267 <0.29140.0> [notice] [P8T6GnBF-2r-Fd:0] <[s] API exit> END 217b948f.856614 (inflow out) "GetAccountBankInfo" (135.043 ms) 8.665 ms 
2020-08-24 20:08:17.545 <0.29187.0> [notice] [P8T6GnBF-2r-7T:0] <[s] API exit> END 217b948f.856614 (inflow out) "GetAccountPayments" (175.91 ms) 9.062 ms 
2020-08-24 20:08:17.793 <0.29218.0> [notice] [P8T6GnBF-2r-P4:0] <[s] API exit> END 217b948f.856614 (inflow out) "GetAccPmtProfiles" (138.884 ms) 7.084 ms 
2020-08-24 20:08:17.972 <0.29236.0> [notice] [P8T6GnBF-2r:0] <[s] API exit> END 217b948f.856614 (inflow out) "GetAccountInfo" (2755.312 ms) 18.259 ms 
2020-08-24 20:08:43.947 <0.29544.0> [notice] [mB8jRFfN-6n-fm:0] <[s] API exit> END 217b948f.856614 (inflow out) "LookupAccount" (144.709 ms) 16.092 ms 
2020-08-24 20:08:44.230 <0.29571.0> [notice] [mB8jRFfN-6n:0] <[s] API exit> END 217b948f.856614 (inflow out) "GetAccountProducts" (495.724 ms) 14.509 ms 
2020-08-24 20:08:44.430 <0.29596.0> [notice] [mB8jRFfN-7R:0] <[s] API exit> END 217b948f.856614 (inflow out) "GetProductInfo" (145.709 ms) 9.217 ms 
2020-08-24 20:14:51.914 <0.31106.0> [notice] [8DbPfGbJ-d2-f3:0] <[s] API exit> END 217b948f.856614 (inflow out) "LookupAccount" (141.544 ms) 8.127 ms 
2020-08-24 20:14:52.232 <0.31134.0> [notice] [8DbPfGbJ-d2:0] <[s] API exit> END 217b948f.856614 (inflow out) "GetAccountProducts" (514.646 ms) 12.787 ms 
2020-08-24 20:14:52.439 <0.31159.0> [notice] [8DbPfGbJ-6p:0] <[s] API exit> END 217b948f.856614 (inflow out) "GetProductInfo" (173.923 ms) 12.243 ms 
2020-08-24 20:21:19.095 <0.53.1> [notice] [Np763dj2-Gd-G7:0] <[s] API exit> END 217b948f.856614 (inflow out) "GetAccountProducts" (213.546 ms) 18.372 ms 
2020-08-24 20:21:19.329 <0.81.1> [notice] [Np763dj2-Gd-qQ:0] <[s] API exit> END 217b948f.856614 (inflow out) "GetAccountLC" (153.533 ms) 10.458 ms 
2020-08-24 20:21:19.561 <0.109.1> [notice] [Np763dj2-Gd-T6:0] <[s] API exit> END 217b948f.856614 (inflow out) "GetAccountAddress" (154.449 ms) 7.746 ms 
2020-08-24 20:21:19.763 <0.144.1> [notice] [Np763dj2-Gd-Mm-63:0] <[s] API exit> END 217b948f.856614 (inflow out) "CheckBalance" (113.3 ms) 9.294 ms 
2020-08-24 20:21:19.839 <0.160.1> [notice] [Np763dj2-Gd-Mm:0] <[s] API exit> END 217b948f.856614 (inflow out) "GetAccountBalances" (214.731 ms) 9.707 ms 
2020-08-24 20:21:20.061 <0.188.1> [notice] [Np763dj2-Gd-P2:0] <[s] API exit> END 217b948f.856614 (inflow out) "GetAccountContacts" (140.509 ms) 11.247 ms 
2020-08-24 20:21:20.248 <0.216.1> [notice] [Np763dj2-Gd-qB:0] <[s] API exit> END 217b948f.856614 (inflow out) "GetAccountContracts" (122.182 ms) 6.961 ms 
2020-08-24 20:21:20.465 <0.248.1> [notice] [Np763dj2-Gd-9b:0] <[s] API exit> END 217b948f.856614 (inflow out) "GetAccountBillingProfile" (157.194 ms) 8.708 ms 
2020-08-24 20:21:20.638 <0.276.1> [notice] [Np763dj2-Gd-j7:0] <[s] API exit> END 217b948f.856614 (inflow out) "GetAccountBankInfo" (116.991 ms) 6.335 ms 
2020-08-24 20:21:20.803 <0.304.1> [notice] [Np763dj2-Gd-M8:0] <[s] API exit> END 217b948f.856614 (inflow out) "GetAccountPayments" (111.325 ms) 5.97 ms 
2020-08-24 20:21:20.988 <0.337.1> [notice] [Np763dj2-Gd-pQ:0] <[s] API exit> END 217b948f.856614 (inflow out) "GetAccPmtProfiles" (109.878 ms) 6.953 ms 
2020-08-24 20:21:21.113 <0.355.1> [notice] [Np763dj2-Gd:0] <[s] API exit> END 217b948f.856614 (inflow out) "GetAccountInfo" (2360.294 ms) 19.954 ms 
2020-08-24 20:24:52.355 <0.1354.1> [notice] [6737RjbP:0-HT-mq-p6:0] <[s] API exit> END 217b948f.856614 (inflow out) "GetAccountProducts" (193.933 ms) 10.082 ms 
2020-08-24 20:24:52.561 <0.1391.1> [notice] [6737RjbP:0-HT-mq-MH-4P:0] <[s] API exit> END 217b948f.856614 (inflow out) "CheckBalance" (102.749 ms) 7.185 ms 
2020-08-24 20:24:52.634 <0.1407.1> [notice] [6737RjbP:0-HT-mq-MH:0] <[s] API exit> END 217b948f.856614 (inflow out) "GetAccountBalances" (202.298 ms) 9.785 ms 
2020-08-24 20:24:52.856 <0.1441.1> [notice] [6737RjbP:0-HT-mq-FG:0] <[s] API exit> END 217b948f.856614 (inflow out) "GetAccountTriggers" (117.092 ms) 10.257 ms 
2020-08-24 20:24:53.002 <0.1462.1> [notice] [6737RjbP:0-HT-mq:0] <[s] API exit> END 217b948f.856614 (inflow out) "GetAccountInfo" (964.978 ms) 23.195 ms 
2020-08-24 20:26:01.132 <0.1722.1> [notice] [hFH4Bq6R:0-FP-H9-Nt:0] <[s] API exit> END 217b948f.856614 (inflow out) "GetAccountProducts" (199.624 ms) 12.019 ms 
2020-08-24 20:26:01.371 <0.1761.1> [notice] [hFH4Bq6R:0-FP-H9-H9-hG:0] <[s] API exit> END 217b948f.856614 (inflow out) "CheckBalance" (140.398 ms) 16.76 ms 
2020-08-24 20:26:01.455 <0.1777.1> [notice] [hFH4Bq6R:0-FP-H9-H9:0] <[s] API exit> END 217b948f.856614 (inflow out) "GetAccountBalances" (257.087 ms) 9.906 ms 
2020-08-24 20:26:01.655 <0.1811.1> [notice] [hFH4Bq6R:0-FP-H9-Qt:0] <[s] API exit> END 217b948f.856614 (inflow out) "GetAccountTriggers" (105.004 ms) 6.342 ms 
2020-08-24 20:26:01.801 <0.1833.1> [notice] [hFH4Bq6R:0-FP-H9:0] <[s] API exit> END 217b948f.856614 (inflow out) "GetAccountInfo" (998.589 ms) 18.394 ms 
2020-08-24 20:26:02.252 <0.1886.1> [notice] [hFH4Bq6R:0-FP-H6-t3:0] <[s] API exit> END 217b948f.856614 (inflow out) "LookupAccount" (87.346 ms) 8.626 ms 
2020-08-24 20:26:03.140 <0.2049.1> [notice] [hFH4Bq6R:0-FP-H6:0] <[s] API exit> END 217b948f.856614 (inflow out) "ProcessEvent" (1066.711 ms) 21.043 ms 
2020-08-24 20:32:26.752 <0.4549.1> [notice] [2QfPr9dG-L3-PG:0] <[s] API exit> END 217b948f.856614 (inflow out) "GetAccountProducts" (262.312 ms) 11.617 ms 
2020-08-24 20:32:27.098 <0.4610.1> [notice] [2QfPr9dG-L3-DF:0] <[s] API exit> END 217b948f.856614 (inflow out) "GetAccountLC" (229.902 ms) 19.518 ms 
2020-08-24 20:32:27.352 <0.4638.1> [notice] [2QfPr9dG-L3-HG:0] <[s] API exit> END 217b948f.856614 (inflow out) "GetAccountAddress" (167.457 ms) 7.031 ms 
2020-08-24 20:32:27.632 <0.4673.1> [notice] [2QfPr9dG-L3-FJ-Tg:0] <[s] API exit> END 217b948f.856614 (inflow out) "CheckBalance" (156.121 ms) 10.562 ms 
2020-08-24 20:32:27.786 <0.4703.1> [notice] [2QfPr9dG-L3-FJ:0] <[s] API exit> END 217b948f.856614 (inflow out) "GetAccountBalances" (353.481 ms) 11.263 ms 
2020-08-24 20:32:28.181 <0.4771.1> [notice] [2QfPr9dG-L3-Dt:0] <[s] API exit> END 217b948f.856614 (inflow out) "GetAccountContacts" (241.922 ms) 21.846 ms 
2020-08-24 20:32:28.401 <0.4799.1> [notice] [2QfPr9dG-L3-nR:0] <[s] API exit> END 217b948f.856614 (inflow out) "GetAccountContracts" (122.369 ms) 6.3 ms 
2020-08-24 20:32:28.664 <0.4832.1> [notice] [2QfPr9dG-L3-fD:0] <[s] API exit> END 217b948f.856614 (inflow out) "GetAccountBillingProfile" (175.077 ms) 6.121 ms 
2020-08-24 20:32:28.880 <0.4860.1> [notice] [2QfPr9dG-L3-h7:0] <[s] API exit> END 217b948f.856614 (inflow out) "GetAccountBankInfo" (140.859 ms) 6.455 ms 
2020-08-24 20:32:29.125 <0.4888.1> [notice] [2QfPr9dG-L3-hJ:0] <[s] API exit> END 217b948f.856614 (inflow out) "GetAccountPayments" (155.813 ms) 30.933 ms 
2020-08-24 20:32:29.358 <0.4920.1> [notice] [2QfPr9dG-L3-Jb:0] <[s] API exit> END 217b948f.856614 (inflow out) "GetAccPmtProfiles" (126.58 ms) 6.48 ms 
2020-08-24 20:32:29.509 <0.4938.1> [notice] [2QfPr9dG-L3:0] <[s] API exit> END 217b948f.856614 (inflow out) "GetAccountInfo" (3173.945 ms) 30.034 ms 
2020-08-24 20:32:49.407 <0.5153.1> [notice] [ghJQpJH8-bM-9b:0] <[s] API exit> END 217b948f.856614 (inflow out) "LookupAccount" (118.061 ms) 8.933 ms 
2020-08-24 20:32:49.655 <0.5181.1> [notice] [ghJQpJH8-bM:0] <[s] API exit> END 217b948f.856614 (inflow out) "GetAccountProducts" (435.464 ms) 18.419 ms 
2020-08-24 20:32:49.914 <0.5206.1> [notice] [ghJQpJH8-ff:0] <[s] API exit> END 217b948f.856614 (inflow out) "GetProductInfo" (188.844 ms) 16.526 ms 
2020-08-24 20:49:52.049 <0.9426.1> [notice] [pBFMPHng-PD-d4:0] <[s] API exit> END 217b948f.856614 (inflow out) "GetAccountProducts" (295.627 ms) 61.295 ms 
2020-08-24 20:49:52.352 <0.9454.1> [notice] [pBFMPHng-PD-Nd:0] <[s] API exit> END 217b948f.856614 (inflow out) "GetAccountLC" (205.039 ms) 15.52 ms 
2020-08-24 20:49:52.596 <0.9482.1> [notice] [pBFMPHng-PD-9j:0] <[s] API exit> END 217b948f.856614 (inflow out) "GetAccountAddress" (152.637 ms) 10.056 ms 
2020-08-24 20:49:52.905 <0.9518.1> [notice] [pBFMPHng-PD-FN-Nr:0] <[s] API exit> END 217b948f.856614 (inflow out) "CheckBalance" (145.058 ms) 10.416 ms 
2020-08-24 20:49:53.014 <0.9533.1> [notice] [pBFMPHng-PD-FN:0] <[s] API exit> END 217b948f.856614 (inflow out) "GetAccountBalances" (303.116 ms) 13.216 ms 
2020-08-24 20:49:53.324 <0.9563.1> [notice] [pBFMPHng-PD-7N:0] <[s] API exit> END 217b948f.856614 (inflow out) "GetAccountContacts" (162.421 ms) 9.014 ms 
2020-08-24 20:49:53.550 <0.9591.1> [notice] [pBFMPHng-PD-M7:0] <[s] API exit> END 217b948f.856614 (inflow out) "GetAccountContracts" (145.778 ms) 7.573 ms 
2020-08-24 20:49:53.800 <0.9623.1> [notice] [pBFMPHng-PD-4m:0] <[s] API exit> END 217b948f.856614 (inflow out) "GetAccountBillingProfile" (173.937 ms) 9.787 ms 
2020-08-24 20:49:54.060 <0.9651.1> [notice] [pBFMPHng-PD-Pf:0] <[s] API exit> END 217b948f.856614 (inflow out) "GetAccountBankInfo" (176.174 ms) 9.483 ms 
2020-08-24 20:49:54.319 <0.9680.1> [notice] [pBFMPHng-PD-J9:0] <[s] API exit> END 217b948f.856614 (inflow out) "GetAccountPayments" (154.298 ms) 9.212 ms 
2020-08-24 20:49:54.545 <0.9711.1> [notice] [pBFMPHng-PD-Lt:0] <[s] API exit> END 217b948f.856614 (inflow out) "GetAccPmtProfiles" (125.768 ms) 9.049 ms 
2020-08-24 20:49:54.756 <0.9730.1> [notice] [pBFMPHng-PD:0] <[s] API exit> END 217b948f.856614 (inflow out) "GetAccountInfo" (3232.743 ms) 32.866 ms 
2020-08-24 20:54:48.200 <0.11142.1> [notice] [r992L4qg:0-Lm-bh-tf:0] <[s] API exit> END 217b948f.856614 (inflow out) "GetAccountProducts" (221.413 ms) 17.478 ms 
2020-08-24 20:54:48.411 <0.11179.1> [notice] [r992L4qg:0-Lm-bh-BL-7r:0] <[s] API exit> END 217b948f.856614 (inflow out) "CheckBalance" (108.579 ms) 17.26 ms 
2020-08-24 20:54:48.479 <0.11194.1> [notice] [r992L4qg:0-Lm-bh-BL:0] <[s] API exit> END 217b948f.856614 (inflow out) "GetAccountBalances" (215.963 ms) 9.384 ms 
2020-08-24 20:54:48.689 <0.11228.1> [notice] [r992L4qg:0-Lm-bh-2Q:0] <[s] API exit> END 217b948f.856614 (inflow out) "GetAccountTriggers" (111.412 ms) 6.8 ms 
2020-08-24 20:54:48.831 <0.11249.1> [notice] [r992L4qg:0-Lm-bh:0] <[s] API exit> END 217b948f.856614 (inflow out) "GetAccountInfo" (1013.475 ms) 19.096 ms 
2020-08-24 20:54:49.233 <0.11302.1> [notice] [r992L4qg:0-Lm-JF-Pm:0] <[s] API exit> END 217b948f.856614 (inflow out) "LookupAccount" (106.231 ms) 8.8 ms 
2020-08-24 20:54:50.114 <0.11461.1> [notice] [r992L4qg:0-Lm-JF:0] <[s] API exit> END 217b948f.856614 (inflow out) "ProcessEvent" (1056.523 ms) 28.034 ms 
2020-08-24 20:54:50.270 <0.11497.1> [notice] [r992L4qg:0-Lm:0] <[s] API exit> END 217b948f.856614 (inflow out) "UpdateAccountProduct" (2519.961 ms) 24.978 ms 
2020-08-24 20:55:16.934 <0.11634.1> [notice] [JQ93p3P2-8Q-pp:0] <[s] API exit> END 217b948f.856614 (inflow out) "GetAccountProducts" (205.741 ms) 12.056 ms 
2020-08-24 20:55:17.182 <0.11662.1> [notice] [JQ93p3P2-8Q-Qj:0] <[s] API exit> END 217b948f.856614 (inflow out) "GetAccountLC" (149.507 ms) 7.417 ms 
2020-08-24 20:55:17.374 <0.11690.1> [notice] [JQ93p3P2-8Q-FM:0] <[s] API exit> END 217b948f.856614 (inflow out) "GetAccountAddress" (127.306 ms) 7.346 ms 
2020-08-24 20:55:17.578 <0.11726.1> [notice] [JQ93p3P2-8Q-H2-nQ:0] <[s] API exit> END 217b948f.856614 (inflow out) "CheckBalance" (119.299 ms) 11.237 ms 
2020-08-24 20:55:17.640 <0.11743.1> [notice] [JQ93p3P2-8Q-H2:0] <[s] API exit> END 217b948f.856614 (inflow out) "GetAccountBalances" (210.735 ms) 9.324 ms 
2020-08-24 20:55:17.838 <0.11771.1> [notice] [JQ93p3P2-8Q-43:0] <[s] API exit> END 217b948f.856614 (inflow out) "GetAccountContacts" (129.034 ms) 8.197 ms 
2020-08-24 20:55:18.014 <0.11799.1> [notice] [JQ93p3P2-8Q-28:0] <[s] API exit> END 217b948f.856614 (inflow out) "GetAccountContracts" (116.044 ms) 7.841 ms 
2020-08-24 20:55:18.213 <0.11831.1> [notice] [JQ93p3P2-8Q-F7:0] <[s] API exit> END 217b948f.856614 (inflow out) "GetAccountBillingProfile" (133.97 ms) 6.008 ms 
2020-08-24 20:55:18.365 <0.11859.1> [notice] [JQ93p3P2-8Q-hf:0] <[s] API exit> END 217b948f.856614 (inflow out) "GetAccountBankInfo" (100.634 ms) 6.552 ms 
2020-08-24 20:55:18.538 <0.11887.1> [notice] [JQ93p3P2-8Q-Hm:0] <[s] API exit> END 217b948f.856614 (inflow out) "GetAccountPayments" (121.184 ms) 7.572 ms 
2020-08-24 20:55:18.718 <0.11918.1> [notice] [JQ93p3P2-8Q-Q3:0] <[s] API exit> END 217b948f.856614 (inflow out) "GetAccPmtProfiles" (106.294 ms) 6.615 ms 
2020-08-24 20:55:18.835 <0.11936.1> [notice] [JQ93p3P2-8Q:0] <[s] API exit> END 217b948f.856614 (inflow out) "GetAccountInfo" (2258.85 ms) 16.225 ms 
2020-08-24 20:55:43.358 <0.12266.1> [notice] [gjNfj22P:0-dj-GB-jR:0] <[s] API exit> END 217b948f.856614 (inflow out) "GetAccountProducts" (186.797 ms) 9.672 ms 
2020-08-24 20:55:43.625 <0.12303.1> [notice] [gjNfj22P:0-dj-GB-Lg-qf:0] <[s] API exit> END 217b948f.856614 (inflow out) "CheckBalance" (135.09 ms) 5.755 ms 
2020-08-24 20:55:43.683 <0.12319.1> [notice] [gjNfj22P:0-dj-GB-Lg:0] <[s] API exit> END 217b948f.856614 (inflow out) "GetAccountBalances" (224.434 ms) 8.196 ms 
2020-08-24 20:55:43.871 <0.12353.1> [notice] [gjNfj22P:0-dj-GB-Fb:0] <[s] API exit> END 217b948f.856614 (inflow out) "GetAccountTriggers" (104.099 ms) 7.888 ms 
2020-08-24 20:55:44.029 <0.12374.1> [notice] [gjNfj22P:0-dj-GB:0] <[s] API exit> END 217b948f.856614 (inflow out) "GetAccountInfo" (975.553 ms) 18.887 ms 
2020-08-24 20:55:44.442 <0.12427.1> [notice] [gjNfj22P:0-dj-dn-mJ:0] <[s] API exit> END 217b948f.856614 (inflow out) "LookupAccount" (92.845 ms) 6.402 ms 
2020-08-24 20:55:45.296 <0.12586.1> [notice] [gjNfj22P:0-dj-dn:0] <[s] API exit> END 217b948f.856614 (inflow out) "ProcessEvent" (1008.967 ms) 26.374 ms 
2020-08-24 20:55:45.457 <0.12628.1> [notice] [gjNfj22P:0-dj:0] <[s] API exit> END 217b948f.856614 (inflow out) "UpdateAccountProduct" (2464.737 ms) 29.996 ms 
2020-08-24 20:55:59.568 <0.12804.1> [notice] [gd863tRF-hd-NB:0] <[s] API exit> END 217b948f.856614 (inflow out) "LookupAccount" (145.533 ms) 10.52 ms 
2020-08-24 20:55:59.795 <0.12832.1> [notice] [gd863tRF-hd:0] <[s] API exit> END 217b948f.856614 (inflow out) "GetAccountProducts" (422.482 ms) 15.459 ms 
2020-08-24 20:55:59.966 <0.12857.1> [notice] [gd863tRF-PD:0] <[s] API exit> END 217b948f.856614 (inflow out) "GetProductInfo" (142.408 ms) 10.154 ms 
2020-08-24 20:57:04.362 <0.13295.1> [notice] [Lt6G6mTd:0-tm-mf-3M:0] <[s] API exit> END 217b948f.856614 (inflow out) "GetAccountProducts" (179.368 ms) 14.275 ms 
2020-08-24 20:57:04.561 <0.13332.1> [notice] [Lt6G6mTd:0-tm-mf-L2-2j:0] <[s] API exit> END 217b948f.856614 (inflow out) "CheckBalance" (108.942 ms) 7.302 ms 
2020-08-24 20:57:04.628 <0.13348.1> [notice] [Lt6G6mTd:0-tm-mf-L2:0] <[s] API exit> END 217b948f.856614 (inflow out) "GetAccountBalances" (202.767 ms) 8.886 ms 
2020-08-24 20:57:04.837 <0.13382.1> [notice] [Lt6G6mTd:0-tm-mf-6r:0] <[s] API exit> END 217b948f.856614 (inflow out) "GetAccountTriggers" (113.978 ms) 7.331 ms 
2020-08-24 20:57:04.966 <0.13403.1> [notice] [Lt6G6mTd:0-tm-mf:0] <[s] API exit> END 217b948f.856614 (inflow out) "GetAccountInfo" (917.29 ms) 14.667 ms 
2020-08-24 20:57:05.365 <0.13456.1> [notice] [Lt6G6mTd:0-tm-Hm-TG:0] <[s] API exit> END 217b948f.856614 (inflow out) "LookupAccount" (92.165 ms) 8.54 ms 
2020-08-24 20:57:06.242 <0.13618.1> [notice] [Lt6G6mTd:0-tm-Hm:0] <[s] API exit> END 217b948f.856614 (inflow out) "ProcessEvent" (1030.154 ms) 25.042 ms 
2020-08-24 20:57:06.412 <0.13654.1> [notice] [Lt6G6mTd:0-tm:0] <[s] API exit> END 217b948f.856614 (inflow out) "UpdateAccountProduct" (2411.5 ms) 26.248 ms 
2020-08-24 20:57:30.883 <0.13919.1> [notice] [FqgGgP4L-26-8g:0] <[s] API exit> END 217b948f.856614 (inflow out) "LookupAccount" (117.16 ms) 7.218 ms 
2020-08-24 20:57:31.127 <0.13948.1> [notice] [FqgGgP4L-26:0] <[s] API exit> END 217b948f.856614 (inflow out) "GetAccountProducts" (410.163 ms) 14.346 ms 
2020-08-24 20:57:31.296 <0.13973.1> [notice] [FqgGgP4L-tM:0] <[s] API exit> END 217b948f.856614 (inflow out) "GetProductInfo" (137.9 ms) 9.277 ms 
2020-08-24 20:59:41.873 <0.14605.1> [notice] [HFN9qrRJ:0-DR-dJ-rn:0] <[s] API exit> END 217b948f.856614 (inflow out) "GetAccountProducts" (171.087 ms) 9.875 ms 
2020-08-24 20:59:42.083 <0.14642.1> [notice] [HFN9qrRJ:0-DR-dJ-RM-jQ:0] <[s] API exit> END 217b948f.856614 (inflow out) "CheckBalance" (115.098 ms) 10.398 ms 
2020-08-24 20:59:42.157 <0.14659.1> [notice] [HFN9qrRJ:0-DR-dJ-RM:0] <[s] API exit> END 217b948f.856614 (inflow out) "GetAccountBalances" (209.33 ms) 13.421 ms 
2020-08-24 20:59:42.390 <0.14692.1> [notice] [HFN9qrRJ:0-DR-dJ-3r:0] <[s] API exit> END 217b948f.856614 (inflow out) "GetAccountTriggers" (131.875 ms) 8.353 ms 
2020-08-24 20:59:42.537 <0.14713.1> [notice] [HFN9qrRJ:0-DR-dJ:0] <[s] API exit> END 217b948f.856614 (inflow out) "GetAccountInfo" (944.064 ms) 21.129 ms 
2020-08-24 20:59:42.947 <0.14768.1> [notice] [HFN9qrRJ:0-DR-gn-6G:0] <[s] API exit> END 217b948f.856614 (inflow out) "LookupAccount" (102.955 ms) 7.321 ms 
2020-08-24 20:59:43.819 <0.14932.1> [notice] [HFN9qrRJ:0-DR-gn:0] <[s] API exit> END 217b948f.856614 (inflow out) "ProcessEvent" (1041.553 ms) 19.128 ms 
2020-08-24 20:59:44.016 <0.14963.1> [notice] [HFN9qrRJ:0-DR:0] <[s] API exit> END 217b948f.856614 (inflow out) "UpdateAccountProduct" (2449.962 ms) 40.393 ms 
2020-08-24 21:00:02.016 <0.15146.1> [notice] [HFDH3R78-Hh-T9:0] <[s] API exit> END 217b948f.856614 (inflow out) "LookupAccount" (119.083 ms) 8.314 ms 
2020-08-24 21:00:02.274 <0.15174.1> [notice] [HFDH3R78-Hh:0] <[s] API exit> END 217b948f.856614 (inflow out) "GetAccountProducts" (437.276 ms) 13.904 ms 
2020-08-24 21:00:02.481 <0.15199.1> [notice] [HFDH3R78-G2:0] <[s] API exit> END 217b948f.856614 (inflow out) "GetProductInfo" (172.097 ms) 16.05 ms 
2020-08-25 13:39:15.534 <0.6114.0> [notice] [jL32HjDj-7R-2b:0] <[s] API exit> END 217b948f.856614 (inflow out) "RefreshTenantCache" (2214.466 ms) 17.271 ms 
2020-08-25 13:39:16.711 <0.6315.0> [notice] [jL32HjDj-7R-Gr:0] <[s] API exit> END 217b948f.856614 (inflow out) "RefreshTenantCache" (1137.186 ms) 29.207 ms 
2020-08-25 13:39:17.869 <0.6502.0> [notice] [jL32HjDj-7R-p6:0] <[s] API exit> END 217b948f.856614 (inflow out) "RefreshTenantCache" (1133.486 ms) 3.713 ms 
2020-08-25 13:39:19.579 <0.6690.0> [notice] [jL32HjDj-7R-98:0] <[s] API exit> END 217b948f.856614 (inflow out) "RefreshTenantCache" (1607.24 ms) 67.746 ms 
2020-08-25 13:39:19.964 <0.6751.0> [notice] [jL32HjDj-7R:0-833] <[s] API exit> END 217b948f.856614 (inflow out) "RunSystemInit" (7998.323 ms) 11.693 ms 
2020-09-10 18:01:59.666 <0.9872.0> [notice] [RmT3PRPr-Bd-j8:0] <[s] API exit> END 217b948f.856614 (inflow out) "RefreshTenantCache" (2768.523 ms) 1.492 ms 
2020-09-10 18:02:00.642 <0.10063.0> [notice] [RmT3PRPr-Bd-96:0] <[s] API exit> END 217b948f.856614 (inflow out) "RefreshTenantCache" (896.777 ms) 25.861 ms 
2020-09-10 18:02:01.289 <0.10251.0> [notice] [RmT3PRPr-Bd-dG:0] <[s] API exit> END 217b948f.856614 (inflow out) "RefreshTenantCache" (631.587 ms) 0.864 ms 
2020-09-10 18:02:02.577 <0.10441.0> [notice] [RmT3PRPr-Bd-Bn:0] <[s] API exit> END 217b948f.856614 (inflow out) "RefreshTenantCache" (1196.968 ms) 56.006 ms 
2020-09-10 18:02:02.795 <0.10502.0> [notice] [RmT3PRPr-Bd:0-868] <[s] API exit> END 217b948f.856614 (inflow out) "RunSystemInit" (6429.846 ms) 3.479 ms 
2020-09-21 14:11:40.621 <0.11932.0> [notice] [rQN2dJDR-PT-7t] <[s] API exit> END 217b948f.856614 (inflow out) "RefreshTenantCache" 2495.476 ms 
2020-09-21 14:11:41.311 <0.12121.0> [notice] [rQN2dJDR-PT-7M] <[s] API exit> END 217b948f.856614 (inflow out) "RefreshTenantCache" 663.894 ms 
2020-09-21 14:11:41.788 <0.12309.0> [notice] [rQN2dJDR-PT-JQ] <[s] API exit> END 217b948f.856614 (inflow out) "RefreshTenantCache" 472.513 ms 
2020-09-21 14:11:42.656 <0.12499.0> [notice] [rQN2dJDR-PT-67] <[s] API exit> END 217b948f.856614 (inflow out) "RefreshTenantCache" 850.617 ms 
2020-09-21 14:11:42.886 <0.12560.0> [notice] [rQN2dJDR-PT] <[s] API exit> END 217b948f.856614 (inflow out) "RunSystemInit" 5417.984 ms 
2020-09-21 14:12:55.912 <0.12951.0> [notice] [rf7D4gMH:0-pT:0] <[s] API exit> END 217b948f.856614 (inflow out) "ApplyUpgrade" (190.862 ms) 34.237 ms 
2020-09-21 14:12:57.768 <0.13139.0> [notice] [rf7D4gMH:0-pT-hQ] <[s] API exit> END 217b948f.856614 (inflow out) "RefreshTenantCache" 1885.621 ms 
2020-09-21 14:13:49.283 <0.13575.0> [notice] [PfL37DQq:0-PR:0] <[s] API exit> END 217b948f.856614 (inflow out) "ApplyUpgrade" (89.505 ms) 19.146 ms 
2020-09-21 14:13:50.433 <0.13758.0> [notice] [PfL37DQq:0-PR-gq] <[s] API exit> END 217b948f.856614 (inflow out) "RefreshTenantCache" 1167.371 ms 
2020-09-21 14:15:35.154 <0.6180.0> [notice] [6m8m2mdq-FF-6t] <[s] API exit> END 217b948f.856614 (inflow out) "RefreshTenantCache" 2262.662 ms 
2020-09-21 14:15:36.096 <0.6368.0> [notice] [6m8m2mdq-FF-pf] <[s] API exit> END 217b948f.856614 (inflow out) "RefreshTenantCache" 869.515 ms 
2020-09-21 14:15:36.935 <0.6556.0> [notice] [6m8m2mdq-FF-Pm] <[s] API exit> END 217b948f.856614 (inflow out) "RefreshTenantCache" 833.529 ms 
2020-09-21 14:15:38.376 <0.6744.0> [notice] [6m8m2mdq-FF-9J] <[s] API exit> END 217b948f.856614 (inflow out) "RefreshTenantCache" 1414.964 ms 
2020-09-21 14:15:38.733 <0.6806.0> [notice] [6m8m2mdq-FF] <[s] API exit> END 217b948f.856614 (inflow out) "RunSystemInit" 7125.208 ms 
